# JRE version: OpenJDK Runtime Environment Temurin-21.0.6+7 (21.0.6+7) (build 21.0.6+7-LTS)
# Java VM: OpenJDK 64-Bit Server VM Temurin-21.0.6+7 (21.0.6+7-LTS, mixed mode, sharing, tiered, compressed oops, compressed class ptrs, g1 gc, windows-amd64)
GC Precious Log:
 CardTable entry size: 512
 Card Set container configuration: InlinePtr #cards 4 size 8 Array Of Cards #cards 16 size 48 Howl #buckets 8 coarsen threshold 3686 Howl Bitmap #cards 512 size 80 coarsen threshold 460 Card regions per heap region 1 cards per card region 4096
 CPUs: 12 total, 12 available
 Memory: 16088M
 Large Page Support: Disabled
 NUMA Support: Disabled
 Compressed Oops: Enabled (Zero based)
 Heap Region Size: 2M
 Heap Min Capacity: 8M
 Heap Initial Capacity: 252M
 Heap Max Capacity: 4024M
 Pre-touch: Disabled
 Parallel Workers: 10
 Concurrent Workers: 3
 Concurrent Refinement Workers: 10
 Periodic GC: Disabled
Heap:
 garbage-first heap   total 51200K, used 35522K [0x0000000704800000, 0x0000000800000000)
  region size 2048K, 12 young (24576K), 2 survivors (4096K)
 Metaspace       used 40026K, committed 40576K, reserved 1114112K
  class space    used 5083K, committed 5312K, reserved 1048576K
GC Heap History (12 events):
Event: 0.695 GC heap before
{Heap before GC invocations=0 (full 0):
 garbage-first heap   total 258048K, used 22528K [0x0000000704800000, 0x0000000800000000)
  region size 2048K, 11 young (22528K), 0 survivors (0K)
 Metaspace       used 6501K, committed 6720K, reserved 1114112K
  class space    used 760K, committed 896K, reserved 1048576K
}
Event: 0.700 GC heap after
{Heap after GC invocations=1 (full 0):
 garbage-first heap   total 258048K, used 5206K [0x0000000704800000, 0x0000000800000000)
  region size 2048K, 2 young (4096K), 2 survivors (4096K)
 Metaspace       used 6501K, committed 6720K, reserved 1114112K
  class space    used 760K, committed 896K, reserved 1048576K
}
Event: 1.154 GC heap before
{Heap before GC invocations=1 (full 0):
 garbage-first heap   total 258048K, used 31830K [0x0000000704800000, 0x0000000800000000)
  region size 2048K, 16 young (32768K), 2 survivors (4096K)
 Metaspace       used 14001K, committed 14272K, reserved 1114112K
  class space    used 1682K, committed 1792K, reserved 1048576K
}
Event: 1.161 GC heap after
{Heap after GC invocations=2 (full 0):
 garbage-first heap   total 258048K, used 7822K [0x0000000704800000, 0x0000000800000000)
  region size 2048K, 2 young (4096K), 2 survivors (4096K)
 Metaspace       used 14001K, committed 14272K, reserved 1114112K
  class space    used 1682K, committed 1792K, reserved 1048576K
}
Event: 2.236 GC heap before
{Heap before GC invocations=2 (full 0):
 garbage-first heap   total 258048K, used 48782K [0x0000000704800000, 0x0000000800000000)
  region size 2048K, 23 young (47104K), 2 survivors (4096K)
 Metaspace       used 21283K, committed 21504K, reserved 1114112K
  class space    used 2509K, committed 2624K, reserved 1048576K
}
Event: 2.243 GC heap after
{Heap after GC invocations=3 (full 0):
 garbage-first heap   total 258048K, used 11430K [0x0000000704800000, 0x0000000800000000)
  region size 2048K, 3 young (6144K), 3 survivors (6144K)
 Metaspace       used 21283K, committed 21504K, reserved 1114112K
  class space    used 2509K, committed 2624K, reserved 1048576K
}
Event: 3.346 GC heap before
{Heap before GC invocations=4 (full 0):
 garbage-first heap   total 40960K, used 40102K [0x0000000704800000, 0x0000000800000000)
  region size 2048K, 17 young (34816K), 3 survivors (6144K)
 Metaspace       used 27773K, committed 28224K, reserved 1114112K
  class space    used 3365K, committed 3584K, reserved 1048576K
}
Event: 3.356 GC heap after
{Heap after GC invocations=5 (full 0):
 garbage-first heap   total 51200K, used 14728K [0x0000000704800000, 0x0000000800000000)
  region size 2048K, 5 young (10240K), 5 survivors (10240K)
 Metaspace       used 27773K, committed 28224K, reserved 1114112K
  class space    used 3365K, committed 3584K, reserved 1048576K
}
Event: 3.860 GC heap before
{Heap before GC invocations=5 (full 0):
 garbage-first heap   total 51200K, used 35208K [0x0000000704800000, 0x0000000800000000)
  region size 2048K, 15 young (30720K), 5 survivors (10240K)
 Metaspace       used 31422K, committed 32064K, reserved 1114112K
  class space    used 3961K, committed 4224K, reserved 1048576K
}
Event: 3.867 GC heap after
{Heap after GC invocations=6 (full 0):
 garbage-first heap   total 51200K, used 16037K [0x0000000704800000, 0x0000000800000000)
  region size 2048K, 2 young (4096K), 2 survivors (4096K)
 Metaspace       used 31422K, committed 32064K, reserved 1114112K
  class space    used 3961K, committed 4224K, reserved 1048576K
}
Event: 4.246 GC heap before
{Heap before GC invocations=6 (full 0):
 garbage-first heap   total 51200K, used 30373K [0x0000000704800000, 0x0000000800000000)
  region size 2048K, 10 young (20480K), 2 survivors (4096K)
 Metaspace       used 35433K, committed 35968K, reserved 1114112K
  class space    used 4507K, committed 4736K, reserved 1048576K
}
Event: 4.250 GC heap after
{Heap after GC invocations=7 (full 0):
 garbage-first heap   total 51200K, used 17090K [0x0000000704800000, 0x0000000800000000)
  region size 2048K, 2 young (4096K), 2 survivors (4096K)
 Metaspace       used 35433K, committed 35968K, reserved 1114112K
  class space    used 4507K, committed 4736K, reserved 1048576K
}

