# JRE version: OpenJDK Runtime Environment Temurin-21.0.6+7 (21.0.6+7) (build 21.0.6+7-LTS)
# Java VM: OpenJDK 64-Bit Server VM Temurin-21.0.6+7 (21.0.6+7-LTS, mixed mode, sharing, tiered, compressed oops, compressed class ptrs, g1 gc, windows-amd64)
GC Precious Log:
 CardTable entry size: 512
 Card Set container configuration: InlinePtr #cards 4 size 8 Array Of Cards #cards 16 size 48 Howl #buckets 8 coarsen threshold 3686 Howl Bitmap #cards 512 size 80 coarsen threshold 460 Card regions per heap region 1 cards per card region 4096
 CPUs: 12 total, 12 available
 Memory: 16088M
 Large Page Support: Disabled
 NUMA Support: Disabled
 Compressed Oops: Enabled (Zero based)
 Heap Region Size: 2M
 Heap Min Capacity: 8M
 Heap Initial Capacity: 252M
 Heap Max Capacity: 4024M
 Pre-touch: Disabled
 Parallel Workers: 10
 Concurrent Workers: 3
 Concurrent Refinement Workers: 10
 Periodic GC: Disabled
Heap:
 garbage-first heap   total 51200K, used 32131K [0x0000000704800000, 0x0000000800000000)
  region size 2048K, 8 young (16384K), 1 survivors (2048K)
 Metaspace       used 41082K, committed 41728K, reserved 1114112K
  class space    used 5121K, committed 5376K, reserved 1048576K
GC Heap History (16 events):
Event: 1.036 GC heap before
{Heap before GC invocations=0 (full 0):
 garbage-first heap   total 258048K, used 22528K [0x0000000704800000, 0x0000000800000000)
  region size 2048K, 11 young (22528K), 0 survivors (0K)
 Metaspace       used 6505K, committed 6720K, reserved 1114112K
  class space    used 760K, committed 896K, reserved 1048576K
}
Event: 1.041 GC heap after
{Heap after GC invocations=1 (full 0):
 garbage-first heap   total 258048K, used 5158K [0x0000000704800000, 0x0000000800000000)
  region size 2048K, 2 young (4096K), 2 survivors (4096K)
 Metaspace       used 6505K, committed 6720K, reserved 1114112K
  class space    used 760K, committed 896K, reserved 1048576K
}
Event: 1.528 GC heap before
{Heap before GC invocations=1 (full 0):
 garbage-first heap   total 258048K, used 31782K [0x0000000704800000, 0x0000000800000000)
  region size 2048K, 16 young (32768K), 2 survivors (4096K)
 Metaspace       used 13891K, committed 14208K, reserved 1114112K
  class space    used 1666K, committed 1792K, reserved 1048576K
}
Event: 1.533 GC heap after
{Heap after GC invocations=2 (full 0):
 garbage-first heap   total 258048K, used 7655K [0x0000000704800000, 0x0000000800000000)
  region size 2048K, 2 young (4096K), 2 survivors (4096K)
 Metaspace       used 13891K, committed 14208K, reserved 1114112K
  class space    used 1666K, committed 1792K, reserved 1048576K
}
Event: 2.844 GC heap before
{Heap before GC invocations=2 (full 0):
 garbage-first heap   total 258048K, used 48615K [0x0000000704800000, 0x0000000800000000)
  region size 2048K, 23 young (47104K), 2 survivors (4096K)
 Metaspace       used 21263K, committed 21504K, reserved 1114112K
  class space    used 2509K, committed 2624K, reserved 1048576K
}
Event: 2.854 GC heap after
{Heap after GC invocations=3 (full 0):
 garbage-first heap   total 258048K, used 11376K [0x0000000704800000, 0x0000000800000000)
  region size 2048K, 3 young (6144K), 3 survivors (6144K)
 Metaspace       used 21263K, committed 21504K, reserved 1114112K
  class space    used 2509K, committed 2624K, reserved 1048576K
}
Event: 3.730 GC heap before
{Heap before GC invocations=4 (full 0):
 garbage-first heap   total 40960K, used 40048K [0x0000000704800000, 0x0000000800000000)
  region size 2048K, 17 young (34816K), 3 survivors (6144K)
 Metaspace       used 27765K, committed 28288K, reserved 1114112K
  class space    used 3365K, committed 3584K, reserved 1048576K
}
Event: 3.739 GC heap after
{Heap after GC invocations=5 (full 0):
 garbage-first heap   total 51200K, used 14397K [0x0000000704800000, 0x0000000800000000)
  region size 2048K, 5 young (10240K), 5 survivors (10240K)
 Metaspace       used 27765K, committed 28288K, reserved 1114112K
  class space    used 3365K, committed 3584K, reserved 1048576K
}
Event: 4.334 GC heap before
{Heap before GC invocations=5 (full 0):
 garbage-first heap   total 51200K, used 34877K [0x0000000704800000, 0x0000000800000000)
  region size 2048K, 15 young (30720K), 5 survivors (10240K)
 Metaspace       used 31418K, committed 32000K, reserved 1114112K
  class space    used 3954K, committed 4224K, reserved 1048576K
}
Event: 4.341 GC heap after
{Heap after GC invocations=6 (full 0):
 garbage-first heap   total 51200K, used 16138K [0x0000000704800000, 0x0000000800000000)
  region size 2048K, 2 young (4096K), 2 survivors (4096K)
 Metaspace       used 31418K, committed 32000K, reserved 1114112K
  class space    used 3954K, committed 4224K, reserved 1048576K
}
Event: 4.882 GC heap before
{Heap before GC invocations=6 (full 0):
 garbage-first heap   total 51200K, used 30474K [0x0000000704800000, 0x0000000800000000)
  region size 2048K, 10 young (20480K), 2 survivors (4096K)
 Metaspace       used 35431K, committed 35968K, reserved 1114112K
  class space    used 4500K, committed 4736K, reserved 1048576K
}
Event: 4.886 GC heap after
{Heap after GC invocations=7 (full 0):
 garbage-first heap   total 51200K, used 17183K [0x0000000704800000, 0x0000000800000000)
  region size 2048K, 2 young (4096K), 2 survivors (4096K)
 Metaspace       used 35431K, committed 35968K, reserved 1114112K
  class space    used 4500K, committed 4736K, reserved 1048576K
}
Event: 21.817 GC heap before
{Heap before GC invocations=8 (full 0):
 garbage-first heap   total 51200K, used 39711K [0x0000000704800000, 0x0000000800000000)
  region size 2048K, 13 young (26624K), 2 survivors (4096K)
 Metaspace       used 40664K, committed 41280K, reserved 1114112K
  class space    used 5120K, committed 5376K, reserved 1048576K
}
Event: 21.827 GC heap after
{Heap after GC invocations=9 (full 0):
 garbage-first heap   total 51200K, used 19212K [0x0000000704800000, 0x0000000800000000)
  region size 2048K, 2 young (4096K), 2 survivors (4096K)
 Metaspace       used 40664K, committed 41280K, reserved 1114112K
  class space    used 5120K, committed 5376K, reserved 1048576K
}
Event: 43.587 GC heap before
{Heap before GC invocations=9 (full 0):
 garbage-first heap   total 51200K, used 41740K [0x0000000704800000, 0x0000000800000000)
  region size 2048K, 13 young (26624K), 2 survivors (4096K)
 Metaspace       used 41081K, committed 41728K, reserved 1114112K
  class space    used 5121K, committed 5376K, reserved 1048576K
}
Event: 43.594 GC heap after
{Heap after GC invocations=10 (full 0):
 garbage-first heap   total 51200K, used 19843K [0x0000000704800000, 0x0000000800000000)
  region size 2048K, 1 young (2048K), 1 survivors (2048K)
 Metaspace       used 41081K, committed 41728K, reserved 1114112K
  class space    used 5121K, committed 5376K, reserved 1048576K
}

